nohup: ignoring input
2025-07-24 02:35:41.558552: I tensorflow/core/platform/cpu_feature_guard.cc:141] Your CPU supports instructions that this TensorFlow binary was not compiled to use: SSE4.1 SSE4.2 AVX AVX2 AVX512F FMA
2025-07-24 02:35:41.571316: I tensorflow/core/platform/profile_utils/cpu_utils.cc:94] CPU Frequency: 2995555000 Hz
2025-07-24 02:35:41.575526: I tensorflow/compiler/xla/service/service.cc:150] XLA service 0x557dc910dea0 executing computations on platform Host. Devices:
2025-07-24 02:35:41.575687: I tensorflow/compiler/xla/service/service.cc:158]   StreamExecutor device (0): <undefined>, <undefined>
2025-07-24 02:35:41.929217: I tensorflow/compiler/xla/service/service.cc:150] XLA service 0x557dcb8d93d0 executing computations on platform CUDA. Devices:
2025-07-24 02:35:41.929354: I tensorflow/compiler/xla/service/service.cc:158]   StreamExecutor device (0): NVIDIA RTX 6000 Ada Generation, Compute Capability 8.9
2025-07-24 02:35:41.929375: I tensorflow/compiler/xla/service/service.cc:158]   StreamExecutor device (1): NVIDIA RTX 6000 Ada Generation, Compute Capability 8.9
2025-07-24 02:35:41.929763: I tensorflow/core/common_runtime/gpu/gpu_device.cc:984] Device interconnect StreamExecutor with strength 1 edge matrix:
2025-07-24 02:35:41.929815: I tensorflow/core/common_runtime/gpu/gpu_device.cc:990]      
Using TensorFlow backend.
/home/johnma/miniconda3/envs/tf113/lib/python3.6/site-packages/tensorflow/python/framework/dtypes.py:526: FutureWarning: Passing (type, 1) or '1type' as a synonym of type is deprecated; in a future version of numpy, it will be understood as (type, (1,)) / '(1,)type'.
  _np_qint8 = np.dtype([("qint8", np.int8, 1)])
/home/johnma/miniconda3/envs/tf113/lib/python3.6/site-packages/tensorflow/python/framework/dtypes.py:527: FutureWarning: Passing (type, 1) or '1type' as a synonym of type is deprecated; in a future version of numpy, it will be understood as (type, (1,)) / '(1,)type'.
  _np_quint8 = np.dtype([("quint8", np.uint8, 1)])
/home/johnma/miniconda3/envs/tf113/lib/python3.6/site-packages/tensorflow/python/framework/dtypes.py:528: FutureWarning: Passing (type, 1) or '1type' as a synonym of type is deprecated; in a future version of numpy, it will be understood as (type, (1,)) / '(1,)type'.
  _np_qint16 = np.dtype([("qint16", np.int16, 1)])
/home/johnma/miniconda3/envs/tf113/lib/python3.6/site-packages/tensorflow/python/framework/dtypes.py:529: FutureWarning: Passing (type, 1) or '1type' as a synonym of type is deprecated; in a future version of numpy, it will be understood as (type, (1,)) / '(1,)type'.
  _np_quint16 = np.dtype([("quint16", np.uint16, 1)])
/home/johnma/miniconda3/envs/tf113/lib/python3.6/site-packages/tensorflow/python/framework/dtypes.py:530: FutureWarning: Passing (type, 1) or '1type' as a synonym of type is deprecated; in a future version of numpy, it will be understood as (type, (1,)) / '(1,)type'.
  _np_qint32 = np.dtype([("qint32", np.int32, 1)])
/home/johnma/miniconda3/envs/tf113/lib/python3.6/site-packages/tensorflow/python/framework/dtypes.py:535: FutureWarning: Passing (type, 1) or '1type' as a synonym of type is deprecated; in a future version of numpy, it will be understood as (type, (1,)) / '(1,)type'.
  np_resource = np.dtype([("resource", np.ubyte, 1)])
WARNING:tensorflow:From /home/johnma/miniconda3/envs/tf113/lib/python3.6/site-packages/tensorflow/python/framework/op_def_library.py:263: colocate_with (from tensorflow.python.framework.ops) is deprecated and will be removed in a future version.
Instructions for updating:
Colocations handled automatically by placer.
WARNING:tensorflow:From /home/johnma/miniconda3/envs/tf113/lib/python3.6/site-packages/tensorflow/python/ops/math_ops.py:3066: to_int32 (from tensorflow.python.ops.math_ops) is deprecated and will be removed in a future version.
Instructions for updating:
Use tf.cast instead.
✅ TensorFlow configured to use CPU only
N_epoch = 40	 alpha = 80	 (N_cnn, N_cnn3) = (6, 5)	      batch size = 16
lr = 1.00e-03	 percent = 0.7499999999999999	 noise = 0
input_prefix = merged_data	 output suffix = run3
output filename is logs/S2ddataNc6Al80Ns0run3.txt
Reading data...
Reading data finished
Input shape is (20000, 100, 100)
Output shape is (20000, 100, 100)
Namespace(alpha=80, batch_size=16, data_path='data', epoch=40, initialvalue=None, input_prefix='merged_data', log_path='logs', lr=0.001, n_cnn=6, n_cnn3=5, noise=0, output_suffix='run3', percent=0.7499999999999999, verbose=2, w_comp=1)
alpha                   = 80	
Input data filename     = data/merged_data.hdf5
(Ns, Nd)                = (100, 100)
(Nt, Nr)                = (100, 100)
Nsamples                = 20000
max / min of the output data are (0.80, 0.00)
max / min of the output data are (2.00, 0.00)
[n_input, n_output] = [(100,100),  (100,100)]
[n_train, n_test, n_valid]   = [14999, 5001, 1024]
batch size = 16
noise rate = 0.00e+00
(L, m) = (2, 25)
[[16, 0.001], [32, 0.001], [64, 0.001], [128, 0.001], [256, 0.001], [256, 0.00031622776601683794], [256, 0.0001], [256, 3.16227766016838e-05], [256, 1e-05]]
[[128, 0.001], [256, 0.001], [256, 0.0001], [256, 1.0000000000000003e-05]]
number of params = 2822301
number of params = 2822301
batch_size = 16 and learning rate = 1.00e-03
error: (-18.01, -18), best error: (-18.01, -18) at epoch 0, fit time = 4.8 secs
Epoch 1/80
 - 96s - loss: 0.0902 - add_1_loss: 0.0900 - cnn_k1d_20_loss: 0.0903
error: (-17.91, -17.94), best error: (-18.01, -18) at epoch 0, fit time = 102.1 secs
Epoch 2/80
 - 98s - loss: 0.0932 - add_1_loss: 0.0932 - cnn_k1d_20_loss: 0.0932
error: (-17.95, -17.95), best error: (-18.01, -18) at epoch 0, fit time = 201.4 secs
Epoch 3/80
 - 98s - loss: 0.0932 - add_1_loss: 0.0932 - cnn_k1d_20_loss: 0.0932
error: (-17.99, -17.95), best error: (-18.01, -18) at epoch 0, fit time = 300.0 secs
Epoch 4/80
 - 80s - loss: 0.0932 - add_1_loss: 0.0932 - cnn_k1d_20_loss: 0.0932
error: (-17.92, -17.93), best error: (-18.01, -18) at epoch 0, fit time = 380.7 secs
Epoch 5/80
 - 118s - loss: 0.0932 - add_1_loss: 0.0932 - cnn_k1d_20_loss: 0.0932
