nohup: ignoring input
2025-07-24 02:42:19.946398: I tensorflow/core/platform/cpu_feature_guard.cc:141] Your CPU supports instructions that this TensorFlow binary was not compiled to use: SSE4.1 SSE4.2 AVX AVX2 AVX512F FMA
2025-07-24 02:42:19.959066: I tensorflow/core/platform/profile_utils/cpu_utils.cc:94] CPU Frequency: 2995555000 Hz
2025-07-24 02:42:19.964566: I tensorflow/compiler/xla/service/service.cc:150] XLA service 0x557bc4106b30 executing computations on platform Host. Devices:
2025-07-24 02:42:19.964661: I tensorflow/compiler/xla/service/service.cc:158]   StreamExecutor device (0): <undefined>, <undefined>
2025-07-24 02:42:20.360858: I tensorflow/compiler/xla/service/service.cc:150] XLA service 0x557bc20fd000 executing computations on platform CUDA. Devices:
2025-07-24 02:42:20.360985: I tensorflow/compiler/xla/service/service.cc:158]   StreamExecutor device (0): NVIDIA RTX 6000 Ada Generation, Compute Capability 8.9
2025-07-24 02:42:20.361002: I tensorflow/compiler/xla/service/service.cc:158]   StreamExecutor device (1): NVIDIA RTX 6000 Ada Generation, Compute Capability 8.9
2025-07-24 02:42:20.361351: I tensorflow/core/common_runtime/gpu/gpu_device.cc:984] Device interconnect StreamExecutor with strength 1 edge matrix:
2025-07-24 02:42:20.361373: I tensorflow/core/common_runtime/gpu/gpu_device.cc:990]      
Using TensorFlow backend.
/home/johnma/miniconda3/envs/tf113/lib/python3.6/site-packages/tensorflow/python/framework/dtypes.py:526: FutureWarning: Passing (type, 1) or '1type' as a synonym of type is deprecated; in a future version of numpy, it will be understood as (type, (1,)) / '(1,)type'.
  _np_qint8 = np.dtype([("qint8", np.int8, 1)])
/home/johnma/miniconda3/envs/tf113/lib/python3.6/site-packages/tensorflow/python/framework/dtypes.py:527: FutureWarning: Passing (type, 1) or '1type' as a synonym of type is deprecated; in a future version of numpy, it will be understood as (type, (1,)) / '(1,)type'.
  _np_quint8 = np.dtype([("quint8", np.uint8, 1)])
/home/johnma/miniconda3/envs/tf113/lib/python3.6/site-packages/tensorflow/python/framework/dtypes.py:528: FutureWarning: Passing (type, 1) or '1type' as a synonym of type is deprecated; in a future version of numpy, it will be understood as (type, (1,)) / '(1,)type'.
  _np_qint16 = np.dtype([("qint16", np.int16, 1)])
/home/johnma/miniconda3/envs/tf113/lib/python3.6/site-packages/tensorflow/python/framework/dtypes.py:529: FutureWarning: Passing (type, 1) or '1type' as a synonym of type is deprecated; in a future version of numpy, it will be understood as (type, (1,)) / '(1,)type'.
  _np_quint16 = np.dtype([("quint16", np.uint16, 1)])
/home/johnma/miniconda3/envs/tf113/lib/python3.6/site-packages/tensorflow/python/framework/dtypes.py:530: FutureWarning: Passing (type, 1) or '1type' as a synonym of type is deprecated; in a future version of numpy, it will be understood as (type, (1,)) / '(1,)type'.
  _np_qint32 = np.dtype([("qint32", np.int32, 1)])
/home/johnma/miniconda3/envs/tf113/lib/python3.6/site-packages/tensorflow/python/framework/dtypes.py:535: FutureWarning: Passing (type, 1) or '1type' as a synonym of type is deprecated; in a future version of numpy, it will be understood as (type, (1,)) / '(1,)type'.
  np_resource = np.dtype([("resource", np.ubyte, 1)])
WARNING:tensorflow:From /home/johnma/miniconda3/envs/tf113/lib/python3.6/site-packages/tensorflow/python/framework/op_def_library.py:263: colocate_with (from tensorflow.python.framework.ops) is deprecated and will be removed in a future version.
Instructions for updating:
Colocations handled automatically by placer.
WARNING:tensorflow:From /home/johnma/miniconda3/envs/tf113/lib/python3.6/site-packages/tensorflow/python/ops/math_ops.py:3066: to_int32 (from tensorflow.python.ops.math_ops) is deprecated and will be removed in a future version.
Instructions for updating:
Use tf.cast instead.
✅ TensorFlow configured to use CPU only
N_epoch = 40	 alpha = 80	 (N_cnn, N_cnn3) = (6, 5)	      batch size = 16
lr = 1.00e-04	 percent = 0.7499999999999999	 noise = 0
input_prefix = merged_data	 output suffix = run4
output filename is logs/S2ddataNc6Al80Ns0run4.txt
Reading data...
Reading data finished
Input shape is (20000, 100, 100)
Output shape is (20000, 100, 100)
Namespace(alpha=80, batch_size=16, data_path='data', epoch=40, initialvalue=None, input_prefix='merged_data', log_path='logs', lr=0.0001, n_cnn=6, n_cnn3=5, noise=0, output_suffix='run4', percent=0.7499999999999999, verbose=2, w_comp=1)
alpha                   = 80	
Input data filename     = data/merged_data.hdf5
(Ns, Nd)                = (100, 100)
(Nt, Nr)                = (100, 100)
Nsamples                = 20000
max / min of the output data are (0.80, 0.00)
max / min of the output data are (2.00, 0.00)
[n_input, n_output] = [(100,100),  (100,100)]
[n_train, n_test, n_valid]   = [14999, 5001, 1024]
batch size = 16
noise rate = 0.00e+00
(L, m) = (2, 25)
[[16, 0.0001], [32, 0.0001], [64, 0.0001], [128, 0.0001], [256, 0.0001], [256, 3.1622776601683795e-05], [256, 1e-05], [256, 3.16227766016838e-06], [256, 1.0000000000000002e-06]]
[[128, 0.0001], [256, 0.0001], [256, 1e-05], [256, 1.0000000000000002e-06]]
number of params = 2822301
number of params = 2822301
batch_size = 16 and learning rate = 1.00e-04
error: (-18.02, -18.01), best error: (-18.02, -18.01) at epoch 0, fit time = 5.4 secs
Epoch 1/80
 - 150s - loss: 0.0520 - add_1_loss: 0.0511 - cnn_k1d_20_loss: 0.0529
