nohup: ignoring input
2025-07-24 02:33:54.398630: I tensorflow/core/platform/cpu_feature_guard.cc:141] Your CPU supports instructions that this TensorFlow binary was not compiled to use: SSE4.1 SSE4.2 AVX AVX2 AVX512F FMA
2025-07-24 02:33:54.404523: I tensorflow/core/platform/profile_utils/cpu_utils.cc:94] CPU Frequency: 2995555000 Hz
2025-07-24 02:33:54.408194: I tensorflow/compiler/xla/service/service.cc:150] XLA service 0x5592938bbf60 executing computations on platform Host. Devices:
2025-07-24 02:33:54.408248: I tensorflow/compiler/xla/service/service.cc:158]   StreamExecutor device (0): <undefined>, <undefined>
2025-07-24 02:33:54.659607: I tensorflow/compiler/xla/service/service.cc:150] XLA service 0x5592922a5840 executing computations on platform CUDA. Devices:
2025-07-24 02:33:54.659681: I tensorflow/compiler/xla/service/service.cc:158]   StreamExecutor device (0): NVIDIA RTX 6000 Ada Generation, Compute Capability 8.9
2025-07-24 02:33:54.659695: I tensorflow/compiler/xla/service/service.cc:158]   StreamExecutor device (1): NVIDIA RTX 6000 Ada Generation, Compute Capability 8.9
2025-07-24 02:33:54.659922: I tensorflow/core/common_runtime/gpu/gpu_device.cc:984] Device interconnect StreamExecutor with strength 1 edge matrix:
2025-07-24 02:33:54.659942: I tensorflow/core/common_runtime/gpu/gpu_device.cc:990]      
Using TensorFlow backend.
/home/johnma/miniconda3/envs/tf113/lib/python3.6/site-packages/tensorflow/python/framework/dtypes.py:526: FutureWarning: Passing (type, 1) or '1type' as a synonym of type is deprecated; in a future version of numpy, it will be understood as (type, (1,)) / '(1,)type'.
  _np_qint8 = np.dtype([("qint8", np.int8, 1)])
/home/johnma/miniconda3/envs/tf113/lib/python3.6/site-packages/tensorflow/python/framework/dtypes.py:527: FutureWarning: Passing (type, 1) or '1type' as a synonym of type is deprecated; in a future version of numpy, it will be understood as (type, (1,)) / '(1,)type'.
  _np_quint8 = np.dtype([("quint8", np.uint8, 1)])
/home/johnma/miniconda3/envs/tf113/lib/python3.6/site-packages/tensorflow/python/framework/dtypes.py:528: FutureWarning: Passing (type, 1) or '1type' as a synonym of type is deprecated; in a future version of numpy, it will be understood as (type, (1,)) / '(1,)type'.
  _np_qint16 = np.dtype([("qint16", np.int16, 1)])
/home/johnma/miniconda3/envs/tf113/lib/python3.6/site-packages/tensorflow/python/framework/dtypes.py:529: FutureWarning: Passing (type, 1) or '1type' as a synonym of type is deprecated; in a future version of numpy, it will be understood as (type, (1,)) / '(1,)type'.
  _np_quint16 = np.dtype([("quint16", np.uint16, 1)])
/home/johnma/miniconda3/envs/tf113/lib/python3.6/site-packages/tensorflow/python/framework/dtypes.py:530: FutureWarning: Passing (type, 1) or '1type' as a synonym of type is deprecated; in a future version of numpy, it will be understood as (type, (1,)) / '(1,)type'.
  _np_qint32 = np.dtype([("qint32", np.int32, 1)])
/home/johnma/miniconda3/envs/tf113/lib/python3.6/site-packages/tensorflow/python/framework/dtypes.py:535: FutureWarning: Passing (type, 1) or '1type' as a synonym of type is deprecated; in a future version of numpy, it will be understood as (type, (1,)) / '(1,)type'.
  np_resource = np.dtype([("resource", np.ubyte, 1)])
WARNING:tensorflow:From /home/johnma/miniconda3/envs/tf113/lib/python3.6/site-packages/tensorflow/python/framework/op_def_library.py:263: colocate_with (from tensorflow.python.framework.ops) is deprecated and will be removed in a future version.
Instructions for updating:
Colocations handled automatically by placer.
WARNING:tensorflow:From /home/johnma/miniconda3/envs/tf113/lib/python3.6/site-packages/tensorflow/python/ops/math_ops.py:3066: to_int32 (from tensorflow.python.ops.math_ops) is deprecated and will be removed in a future version.
Instructions for updating:
Use tf.cast instead.
✅ TensorFlow configured to use CPU only
N_epoch = 40	 alpha = 40	 (N_cnn, N_cnn3) = (6, 5)	      batch size = 16
lr = 1.00e-03	 percent = 0.7499999999999999	 noise = 0
input_prefix = merged_data	 output suffix = run1
output filename is logs/S2ddataNc6Al40Ns0run1.txt
Reading data...
Reading data finished
Input shape is (20000, 100, 100)
Output shape is (20000, 100, 100)
Namespace(alpha=40, batch_size=16, data_path='data', epoch=40, initialvalue=None, input_prefix='merged_data', log_path='logs', lr=0.001, n_cnn=6, n_cnn3=5, noise=0, output_suffix='run1', percent=0.7499999999999999, verbose=2, w_comp=1)
alpha                   = 40	
Input data filename     = data/merged_data.hdf5
(Ns, Nd)                = (100, 100)
(Nt, Nr)                = (100, 100)
Nsamples                = 20000
max / min of the output data are (0.80, 0.00)
max / min of the output data are (2.00, 0.00)
[n_input, n_output] = [(100,100),  (100,100)]
[n_train, n_test, n_valid]   = [14999, 5001, 1024]
batch size = 16
noise rate = 0.00e+00
(L, m) = (2, 25)
[[16, 0.001], [32, 0.001], [64, 0.001], [128, 0.001], [256, 0.001], [256, 0.00031622776601683794], [256, 0.0001], [256, 3.16227766016838e-05], [256, 1e-05]]
[[128, 0.001], [256, 0.001], [256, 0.0001], [256, 1.0000000000000003e-05]]
number of params = 710661
number of params = 710661
batch_size = 16 and learning rate = 1.00e-03
error: (-18.04, -18.02), best error: (-18.04, -18.02) at epoch 0, fit time = 2.8 secs
Epoch 1/80
 - 41s - loss: 0.0589 - add_1_loss: 0.0583 - cnn_k1d_20_loss: 0.0595
error: (-21.9, -21.63), best error: (-21.9, -21.63) at epoch 1, fit time = 44.8 secs
Epoch 2/80
 - 54s - loss: 0.0377 - add_1_loss: 0.0366 - cnn_k1d_20_loss: 0.0387
error: (-22.79, -22.41), best error: (-22.79, -22.41) at epoch 2, fit time = 99.7 secs
Epoch 3/80
 - 58s - loss: 0.0318 - add_1_loss: 0.0304 - cnn_k1d_20_loss: 0.0331
error: (-23.16, -22.77), best error: (-23.16, -22.77) at epoch 3, fit time = 158.3 secs
Epoch 4/80
 - 71s - loss: 0.0288 - add_1_loss: 0.0274 - cnn_k1d_20_loss: 0.0301
error: (-23.27, -22.96), best error: (-23.27, -22.96) at epoch 4, fit time = 230.3 secs
Epoch 5/80
 - 71s - loss: 0.0266 - add_1_loss: 0.0252 - cnn_k1d_20_loss: 0.0279
error: (-23.89, -23.48), best error: (-23.89, -23.48) at epoch 5, fit time = 301.9 secs
Epoch 6/80
 - 71s - loss: 0.0248 - add_1_loss: 0.0236 - cnn_k1d_20_loss: 0.0261
error: (-24.03, -23.64), best error: (-24.03, -23.64) at epoch 6, fit time = 373.9 secs
Epoch 7/80
 - 66s - loss: 0.0235 - add_1_loss: 0.0223 - cnn_k1d_20_loss: 0.0247
error: (-24.15, -23.79), best error: (-24.15, -23.79) at epoch 7, fit time = 440.7 secs
Epoch 8/80
 - 59s - loss: 0.0224 - add_1_loss: 0.0212 - cnn_k1d_20_loss: 0.0235
error: (-24.45, -24.03), best error: (-24.45, -24.03) at epoch 8, fit time = 500.1 secs
Epoch 9/80
 - 82s - loss: 0.0215 - add_1_loss: 0.0204 - cnn_k1d_20_loss: 0.0227
error: (-24.42, -24), best error: (-24.45, -24.03) at epoch 8, fit time = 583.4 secs
Epoch 10/80
 - 110s - loss: 0.0207 - add_1_loss: 0.0196 - cnn_k1d_20_loss: 0.0219
