nohup: ignoring input
2025-07-24 02:34:08.074169: I tensorflow/core/platform/cpu_feature_guard.cc:141] Your CPU supports instructions that this TensorFlow binary was not compiled to use: SSE4.1 SSE4.2 AVX AVX2 AVX512F FMA
2025-07-24 02:34:08.080324: I tensorflow/core/platform/profile_utils/cpu_utils.cc:94] CPU Frequency: 2995555000 Hz
2025-07-24 02:34:08.083881: I tensorflow/compiler/xla/service/service.cc:150] XLA service 0x559adc8a9840 executing computations on platform Host. Devices:
2025-07-24 02:34:08.083935: I tensorflow/compiler/xla/service/service.cc:158]   StreamExecutor device (0): <undefined>, <undefined>
2025-07-24 02:34:08.368967: I tensorflow/compiler/xla/service/service.cc:150] XLA service 0x559adc8a96e0 executing computations on platform CUDA. Devices:
2025-07-24 02:34:08.369066: I tensorflow/compiler/xla/service/service.cc:158]   StreamExecutor device (0): NVIDIA RTX 6000 Ada Generation, Compute Capability 8.9
2025-07-24 02:34:08.369081: I tensorflow/compiler/xla/service/service.cc:158]   StreamExecutor device (1): NVIDIA RTX 6000 Ada Generation, Compute Capability 8.9
2025-07-24 02:34:08.369325: I tensorflow/core/common_runtime/gpu/gpu_device.cc:984] Device interconnect StreamExecutor with strength 1 edge matrix:
2025-07-24 02:34:08.369345: I tensorflow/core/common_runtime/gpu/gpu_device.cc:990]      
Using TensorFlow backend.
/home/johnma/miniconda3/envs/tf113/lib/python3.6/site-packages/tensorflow/python/framework/dtypes.py:526: FutureWarning: Passing (type, 1) or '1type' as a synonym of type is deprecated; in a future version of numpy, it will be understood as (type, (1,)) / '(1,)type'.
  _np_qint8 = np.dtype([("qint8", np.int8, 1)])
/home/johnma/miniconda3/envs/tf113/lib/python3.6/site-packages/tensorflow/python/framework/dtypes.py:527: FutureWarning: Passing (type, 1) or '1type' as a synonym of type is deprecated; in a future version of numpy, it will be understood as (type, (1,)) / '(1,)type'.
  _np_quint8 = np.dtype([("quint8", np.uint8, 1)])
/home/johnma/miniconda3/envs/tf113/lib/python3.6/site-packages/tensorflow/python/framework/dtypes.py:528: FutureWarning: Passing (type, 1) or '1type' as a synonym of type is deprecated; in a future version of numpy, it will be understood as (type, (1,)) / '(1,)type'.
  _np_qint16 = np.dtype([("qint16", np.int16, 1)])
/home/johnma/miniconda3/envs/tf113/lib/python3.6/site-packages/tensorflow/python/framework/dtypes.py:529: FutureWarning: Passing (type, 1) or '1type' as a synonym of type is deprecated; in a future version of numpy, it will be understood as (type, (1,)) / '(1,)type'.
  _np_quint16 = np.dtype([("quint16", np.uint16, 1)])
/home/johnma/miniconda3/envs/tf113/lib/python3.6/site-packages/tensorflow/python/framework/dtypes.py:530: FutureWarning: Passing (type, 1) or '1type' as a synonym of type is deprecated; in a future version of numpy, it will be understood as (type, (1,)) / '(1,)type'.
  _np_qint32 = np.dtype([("qint32", np.int32, 1)])
/home/johnma/miniconda3/envs/tf113/lib/python3.6/site-packages/tensorflow/python/framework/dtypes.py:535: FutureWarning: Passing (type, 1) or '1type' as a synonym of type is deprecated; in a future version of numpy, it will be understood as (type, (1,)) / '(1,)type'.
  np_resource = np.dtype([("resource", np.ubyte, 1)])
WARNING:tensorflow:From /home/johnma/miniconda3/envs/tf113/lib/python3.6/site-packages/tensorflow/python/framework/op_def_library.py:263: colocate_with (from tensorflow.python.framework.ops) is deprecated and will be removed in a future version.
Instructions for updating:
Colocations handled automatically by placer.
WARNING:tensorflow:From /home/johnma/miniconda3/envs/tf113/lib/python3.6/site-packages/tensorflow/python/ops/math_ops.py:3066: to_int32 (from tensorflow.python.ops.math_ops) is deprecated and will be removed in a future version.
Instructions for updating:
Use tf.cast instead.
✅ TensorFlow configured to use CPU only
N_epoch = 40	 alpha = 40	 (N_cnn, N_cnn3) = (6, 5)	      batch size = 16
lr = 1.00e-04	 percent = 0.7499999999999999	 noise = 0
input_prefix = merged_data	 output suffix = run2
output filename is logs/S2ddataNc6Al40Ns0run2.txt
Reading data...
Reading data finished
Input shape is (20000, 100, 100)
Output shape is (20000, 100, 100)
Namespace(alpha=40, batch_size=16, data_path='data', epoch=40, initialvalue=None, input_prefix='merged_data', log_path='logs', lr=0.0001, n_cnn=6, n_cnn3=5, noise=0, output_suffix='run2', percent=0.7499999999999999, verbose=2, w_comp=1)
alpha                   = 40	
Input data filename     = data/merged_data.hdf5
(Ns, Nd)                = (100, 100)
(Nt, Nr)                = (100, 100)
Nsamples                = 20000
max / min of the output data are (0.80, 0.00)
max / min of the output data are (2.00, 0.00)
[n_input, n_output] = [(100,100),  (100,100)]
[n_train, n_test, n_valid]   = [14999, 5001, 1024]
batch size = 16
noise rate = 0.00e+00
(L, m) = (2, 25)
[[16, 0.0001], [32, 0.0001], [64, 0.0001], [128, 0.0001], [256, 0.0001], [256, 3.1622776601683795e-05], [256, 1e-05], [256, 3.16227766016838e-06], [256, 1.0000000000000002e-06]]
[[128, 0.0001], [256, 0.0001], [256, 1e-05], [256, 1.0000000000000002e-06]]
number of params = 710661
number of params = 710661
batch_size = 16 and learning rate = 1.00e-04
error: (-18.04, -18.03), best error: (-18.04, -18.03) at epoch 0, fit time = 3.7 secs
Epoch 1/80
 - 54s - loss: 0.0648 - add_1_loss: 0.0633 - cnn_k1d_20_loss: 0.0663
error: (-21.16, -20.77), best error: (-21.16, -20.77) at epoch 1, fit time = 58.1 secs
Epoch 2/80
 - 46s - loss: 0.0414 - add_1_loss: 0.0395 - cnn_k1d_20_loss: 0.0434
error: (-22.28, -21.81), best error: (-22.28, -21.81) at epoch 2, fit time = 104.5 secs
Epoch 3/80
 - 70s - loss: 0.0348 - add_1_loss: 0.0330 - cnn_k1d_20_loss: 0.0366
error: (-22.51, -22.02), best error: (-22.51, -22.02) at epoch 3, fit time = 175.1 secs
Epoch 4/80
 - 72s - loss: 0.0312 - add_1_loss: 0.0292 - cnn_k1d_20_loss: 0.0333
error: (-23.11, -22.55), best error: (-23.11, -22.55) at epoch 4, fit time = 247.6 secs
Epoch 5/80
 - 72s - loss: 0.0289 - add_1_loss: 0.0268 - cnn_k1d_20_loss: 0.0311
error: (-23.22, -22.62), best error: (-23.22, -22.62) at epoch 5, fit time = 320.0 secs
Epoch 6/80
 - 72s - loss: 0.0273 - add_1_loss: 0.0251 - cnn_k1d_20_loss: 0.0295
error: (-23.4, -22.79), best error: (-23.4, -22.79) at epoch 6, fit time = 392.6 secs
Epoch 7/80
 - 62s - loss: 0.0259 - add_1_loss: 0.0237 - cnn_k1d_20_loss: 0.0282
error: (-23.57, -22.99), best error: (-23.57, -22.99) at epoch 7, fit time = 455.6 secs
Epoch 8/80
 - 60s - loss: 0.0248 - add_1_loss: 0.0225 - cnn_k1d_20_loss: 0.0271
error: (-23.73, -23.16), best error: (-23.73, -23.16) at epoch 8, fit time = 515.9 secs
Epoch 9/80
 - 106s - loss: 0.0238 - add_1_loss: 0.0215 - cnn_k1d_20_loss: 0.0262
