nohup: ignoring input
2025-07-24 02:42:49.680120: I tensorflow/core/platform/cpu_feature_guard.cc:141] Your CPU supports instructions that this TensorFlow binary was not compiled to use: SSE4.1 SSE4.2 AVX AVX2 AVX512F FMA
2025-07-24 02:42:49.698475: I tensorflow/core/platform/profile_utils/cpu_utils.cc:94] CPU Frequency: 2995555000 Hz
2025-07-24 02:42:49.707120: I tensorflow/compiler/xla/service/service.cc:150] XLA service 0x564c539a1f10 executing computations on platform Host. Devices:
2025-07-24 02:42:49.707207: I tensorflow/compiler/xla/service/service.cc:158]   StreamExecutor device (0): <undefined>, <undefined>
2025-07-24 02:42:50.094303: I tensorflow/compiler/xla/service/service.cc:150] XLA service 0x564c52fd4970 executing computations on platform CUDA. Devices:
2025-07-24 02:42:50.094485: I tensorflow/compiler/xla/service/service.cc:158]   StreamExecutor device (0): NVIDIA RTX 6000 Ada Generation, Compute Capability 8.9
2025-07-24 02:42:50.094506: I tensorflow/compiler/xla/service/service.cc:158]   StreamExecutor device (1): NVIDIA RTX 6000 Ada Generation, Compute Capability 8.9
2025-07-24 02:42:50.094873: I tensorflow/core/common_runtime/gpu/gpu_device.cc:984] Device interconnect StreamExecutor with strength 1 edge matrix:
2025-07-24 02:42:50.094921: I tensorflow/core/common_runtime/gpu/gpu_device.cc:990]      
Using TensorFlow backend.
/home/johnma/miniconda3/envs/tf113/lib/python3.6/site-packages/tensorflow/python/framework/dtypes.py:526: FutureWarning: Passing (type, 1) or '1type' as a synonym of type is deprecated; in a future version of numpy, it will be understood as (type, (1,)) / '(1,)type'.
  _np_qint8 = np.dtype([("qint8", np.int8, 1)])
/home/johnma/miniconda3/envs/tf113/lib/python3.6/site-packages/tensorflow/python/framework/dtypes.py:527: FutureWarning: Passing (type, 1) or '1type' as a synonym of type is deprecated; in a future version of numpy, it will be understood as (type, (1,)) / '(1,)type'.
  _np_quint8 = np.dtype([("quint8", np.uint8, 1)])
/home/johnma/miniconda3/envs/tf113/lib/python3.6/site-packages/tensorflow/python/framework/dtypes.py:528: FutureWarning: Passing (type, 1) or '1type' as a synonym of type is deprecated; in a future version of numpy, it will be understood as (type, (1,)) / '(1,)type'.
  _np_qint16 = np.dtype([("qint16", np.int16, 1)])
/home/johnma/miniconda3/envs/tf113/lib/python3.6/site-packages/tensorflow/python/framework/dtypes.py:529: FutureWarning: Passing (type, 1) or '1type' as a synonym of type is deprecated; in a future version of numpy, it will be understood as (type, (1,)) / '(1,)type'.
  _np_quint16 = np.dtype([("quint16", np.uint16, 1)])
/home/johnma/miniconda3/envs/tf113/lib/python3.6/site-packages/tensorflow/python/framework/dtypes.py:530: FutureWarning: Passing (type, 1) or '1type' as a synonym of type is deprecated; in a future version of numpy, it will be understood as (type, (1,)) / '(1,)type'.
  _np_qint32 = np.dtype([("qint32", np.int32, 1)])
/home/johnma/miniconda3/envs/tf113/lib/python3.6/site-packages/tensorflow/python/framework/dtypes.py:535: FutureWarning: Passing (type, 1) or '1type' as a synonym of type is deprecated; in a future version of numpy, it will be understood as (type, (1,)) / '(1,)type'.
  np_resource = np.dtype([("resource", np.ubyte, 1)])
WARNING:tensorflow:From /home/johnma/miniconda3/envs/tf113/lib/python3.6/site-packages/tensorflow/python/framework/op_def_library.py:263: colocate_with (from tensorflow.python.framework.ops) is deprecated and will be removed in a future version.
Instructions for updating:
Colocations handled automatically by placer.
WARNING:tensorflow:From /home/johnma/miniconda3/envs/tf113/lib/python3.6/site-packages/tensorflow/python/ops/math_ops.py:3066: to_int32 (from tensorflow.python.ops.math_ops) is deprecated and will be removed in a future version.
Instructions for updating:
Use tf.cast instead.
